0 verbose cli /usr/bin/node /usr/bin/npm
1 info using npm@10.9.4
2 info using node@v22.22.0
3 silly config load:file:/usr/lib/node_modules/npm/npmrc
4 silly config load:file:/home/ashwani/HPGBmBanking/HPGBmBanking/.npmrc
5 silly config load:file:/home/ashwani/.npmrc
6 silly config load:file:/usr/etc/npmrc
7 verbose title npm audit
8 verbose argv "audit"
9 verbose logfile logs-max:10 dir:/home/ashwani/HPGBmBanking/HPGBmBanking/.npm-cache/_logs/2026-01-21T07_00_18_898Z-
10 verbose logfile /home/ashwani/HPGBmBanking/HPGBmBanking/.npm-cache/_logs/2026-01-21T07_00_18_898Z-debug-0.log
11 silly logfile done cleaning log files
12 silly packumentCache heap:2197815296 maxSize:549453824 maxEntrySize:274726912
13 silly audit bulk request {
13 silly audit   '@capacitor/android': [ '8.0.1' ],
13 silly audit   '@capacitor/app': [ '8.0.0' ],
13 silly audit   '@capacitor/cli': [ '8.0.1' ],
13 silly audit   'fs-extra': [ '11.3.3', '9.1.0' ],
13 silly audit   '@capacitor/core': [ '8.0.1' ],
13 silly audit   '@capacitor/status-bar': [ '8.0.0' ],
13 silly audit   '@capgo/capacitor-navigation-bar': [ '8.0.12' ],
13 silly audit   '@ionic/cli-framework-output': [ '2.2.8' ],
13 silly audit   '@ionic/utils-array': [ '2.1.6' ],
13 silly audit   '@ionic/utils-fs': [ '3.1.7' ],
13 silly audit   '@ionic/utils-object': [ '2.1.6' ],
13 silly audit   '@ionic/utils-process': [ '2.1.12' ],
13 silly audit   '@ionic/utils-stream': [ '3.1.7' ],
13 silly audit   '@ionic/utils-subprocess': [ '3.0.1' ],
13 silly audit   '@ionic/utils-terminal': [ '2.3.5' ],
13 silly audit   '@isaacs/balanced-match': [ '4.0.1' ],
13 silly audit   '@isaacs/brace-expansion': [ '5.0.0' ],
13 silly audit   '@isaacs/fs-minipass': [ '4.0.1' ],
13 silly audit   '@types/fs-extra': [ '8.1.5' ],
13 silly audit   '@types/node': [ '25.0.3' ],
13 silly audit   '@types/slice-ansi': [ '4.0.0' ],
13 silly audit   '@xmldom/xmldom': [ '0.8.11' ],
13 silly audit   angular: [ '1.8.3' ],
13 silly audit   'angular-route': [ '1.8.3' ],
13 silly audit   'ansi-regex': [ '5.0.1' ],
13 silly audit   'ansi-styles': [ '4.3.0' ],
13 silly audit   'astral-regex': [ '2.0.0' ],
13 silly audit   'at-least-node': [ '1.0.0' ],
13 silly audit   'base64-js': [ '1.5.1' ],
13 silly audit   'big-integer': [ '1.6.52' ],
13 silly audit   'bplist-parser': [ '0.3.2' ],
13 silly audit   'buffer-crc32': [ '0.2.13' ],
13 silly audit   chownr: [ '3.0.0' ],
13 silly audit   'color-convert': [ '2.0.1' ],
13 silly audit   'color-name': [ '1.1.4' ],
13 silly audit   commander: [ '12.1.0' ],
13 silly audit   'cross-spawn': [ '7.0.6' ],
13 silly audit   debug: [ '4.4.3' ],
13 silly audit   'define-lazy-prop': [ '2.0.0' ],
13 silly audit   elementtree: [ '0.1.7' ],
13 silly audit   'emoji-regex': [ '8.0.0' ],
13 silly audit   'env-paths': [ '2.2.1' ],
13 silly audit   'fd-slicer': [ '1.1.0' ],
13 silly audit   glob: [ '13.0.0' ],
13 silly audit   'graceful-fs': [ '4.2.11' ],
13 silly audit   inherits: [ '2.0.4' ],
13 silly audit   ini: [ '4.1.3' ],
13 silly audit   'is-docker': [ '2.2.1' ],
13 silly audit   'is-fullwidth-code-point': [ '3.0.0' ],
13 silly audit   'is-wsl': [ '2.2.0' ],
13 silly audit   isexe: [ '2.0.0' ],
13 silly audit   jsonfile: [ '6.2.0' ],
13 silly audit   kleur: [ '4.1.5', '3.0.3' ],
13 silly audit   'lru-cache': [ '11.2.4' ],
13 silly audit   'material-design-icons-iconfont': [ '6.7.0' ],
13 silly audit   minimatch: [ '10.1.1' ],
13 silly audit   minipass: [ '7.1.2' ],
13 silly audit   minizlib: [ '3.1.0' ],
13 silly audit   ms: [ '2.1.3' ],
13 silly audit   'native-run': [ '2.0.3' ],
13 silly audit   open: [ '8.4.2' ],
13 silly audit   'package-json-from-dist': [ '1.0.1' ],
13 silly audit   'path-key': [ '3.1.1' ],
13 silly audit   'path-scurry': [ '2.0.1' ],
13 silly audit   pend: [ '1.2.0' ],
13 silly audit   plist: [ '3.1.0' ],
13 silly audit   prompts: [ '2.4.2' ],
13 silly audit   'readable-stream': [ '3.6.2' ],
13 silly audit   rimraf: [ '6.1.2' ],
13 silly audit   'safe-buffer': [ '5.2.1' ],
13 silly audit   sax: [ '1.1.4' ],
13 silly audit   semver: [ '7.7.3' ],
13 silly audit   'shebang-command': [ '2.0.0' ],
13 silly audit   'shebang-regex': [ '3.0.0' ],
13 silly audit   'signal-exit': [ '3.0.7' ],
13 silly audit   sisteransi: [ '1.0.5' ],
13 silly audit   'slice-ansi': [ '4.0.0' ],
13 silly audit   split2: [ '4.2.0' ],
13 silly audit   string_decoder: [ '1.3.0' ],
13 silly audit   'string-width': [ '4.2.3' ],
13 silly audit   'strip-ansi': [ '6.0.1' ],
13 silly audit   tar: [ '7.5.6' ],
13 silly audit   through2: [ '4.0.2' ],
13 silly audit   'tree-kill': [ '1.2.2' ],
13 silly audit   tslib: [ '2.8.1' ],
13 silly audit   'undici-types': [ '7.16.0' ],
13 silly audit   universalify: [ '2.0.1' ],
13 silly audit   untildify: [ '4.0.0' ],
13 silly audit   'util-deprecate': [ '1.0.2' ],
13 silly audit   which: [ '2.0.2' ],
13 silly audit   'wrap-ansi': [ '7.0.0' ],
13 silly audit   xml2js: [ '0.6.2' ],
13 silly audit   xmlbuilder: [ '11.0.1', '15.1.1' ],
13 silly audit   yallist: [ '5.0.0' ],
13 silly audit   yauzl: [ '2.10.0' ]
13 silly audit }
14 http fetch POST 200 https://registry.npmjs.org/-/npm/v1/security/advisories/bulk 710ms
15 silly audit report {
15 silly audit report   angular: [
15 silly audit report     {
15 silly audit report       id: 1106731,
15 silly audit report       url: 'https://github.com/advisories/GHSA-prc3-vjfx-vhm9',
15 silly audit report       title: 'Angular (deprecated package) Cross-site Scripting',
15 silly audit report       severity: 'moderate',
15 silly audit report       vulnerable_versions: '<=1.8.3',
15 silly audit report       cwe: [Array],
15 silly audit report       cvss: [Object]
15 silly audit report     },
15 silly audit report     {
15 silly audit report       id: 1109545,
15 silly audit report       url: 'https://github.com/advisories/GHSA-j58c-ww9w-pwp5',
15 silly audit report       title: 'AngularJS improperly sanitizes SVG elements',
15 silly audit report       severity: 'low',
15 silly audit report       vulnerable_versions: '<=1.8.3',
15 silly audit report       cwe: [Array],
15 silly audit report       cvss: [Object]
15 silly audit report     },
15 silly audit report     {
15 silly audit report       id: 1109550,
15 silly audit report       url: 'https://github.com/advisories/GHSA-m2h2-264f-f486',
15 silly audit report       title: 'angular vulnerable to regular expression denial of service (ReDoS)',
15 silly audit report       severity: 'moderate',
15 silly audit report       vulnerable_versions: '>=1.7.0',
15 silly audit report       cwe: [Array],
15 silly audit report       cvss: [Object]
15 silly audit report     },
15 silly audit report     {
15 silly audit report       id: 1109557,
15 silly audit report       url: 'https://github.com/advisories/GHSA-m9gf-397r-hwpg',
15 silly audit report       title: 'AngularJS allows attackers to bypass common image source restrictions',
15 silly audit report       severity: 'low',
15 silly audit report       vulnerable_versions: '>=1.3.0-rc.4 <=1.8.3',
15 silly audit report       cwe: [Array],
15 silly audit report       cvss: [Object]
15 silly audit report     },
15 silly audit report     {
15 silly audit report       id: 1109558,
15 silly audit report       url: 'https://github.com/advisories/GHSA-mqm9-c95h-x2p6',
15 silly audit report       title: 'AngularJS allows attackers to bypass common image source restrictions',
15 silly audit report       severity: 'low',
15 silly audit report       vulnerable_versions: '<=1.8.3',
15 silly audit report       cwe: [Array],
15 silly audit report       cvss: [Object]
15 silly audit report     },
15 silly audit report     {
15 silly audit report       id: 1109559,
15 silly audit report       url: 'https://github.com/advisories/GHSA-4w4v-5hc9-xrr2',
15 silly audit report       title: 'angular vulnerable to super-linear runtime due to backtracking',
15 silly audit report       severity: 'high',
15 silly audit report       vulnerable_versions: '>=1.3.0 <=1.8.3',
15 silly audit report       cwe: [Array],
15 silly audit report       cvss: [Object]
15 silly audit report     },
15 silly audit report     {
15 silly audit report       id: 1109560,
15 silly audit report       url: 'https://github.com/advisories/GHSA-2vrf-hf26-jrp5',
15 silly audit report       title: 'angular vulnerable to regular expression denial of service via the angular.copy() utility',
15 silly audit report       severity: 'moderate',
15 silly audit report       vulnerable_versions: '<=1.8.3',
15 silly audit report       cwe: [Array],
15 silly audit report       cvss: [Object]
15 silly audit report     },
15 silly audit report     {
15 silly audit report       id: 1109561,
15 silly audit report       url: 'https://github.com/advisories/GHSA-2qqx-w9hr-q5gx',
15 silly audit report       title: 'angular vulnerable to regular expression denial of service via the $resource service',
15 silly audit report       severity: 'moderate',
15 silly audit report       vulnerable_versions: '<=1.8.3',
15 silly audit report       cwe: [Array],
15 silly audit report       cvss: [Object]
15 silly audit report     },
15 silly audit report     {
15 silly audit report       id: 1109562,
15 silly audit report       url: 'https://github.com/advisories/GHSA-qwqh-hm9m-p5hr',
15 silly audit report       title: 'angular vulnerable to regular expression denial of service via the <input type="url"> element',
15 silly audit report       severity: 'moderate',
15 silly audit report       vulnerable_versions: '<=1.8.3',
15 silly audit report       cwe: [Array],
15 silly audit report       cvss: [Object]
15 silly audit report     }
15 silly audit report   ]
15 silly audit report }
16 silly packumentCache corgi:https://registry.npmjs.org/angular cache-miss
17 http fetch GET 200 https://registry.npmjs.org/angular 118ms (cache revalidated)
18 silly packumentCache corgi:https://registry.npmjs.org/angular set size:119674 disposed:false
19 verbose cwd /home/ashwani/HPGBmBanking/HPGBmBanking
20 verbose os Linux 6.14.0-37-generic
21 verbose node v22.22.0
22 verbose npm  v10.9.4
23 verbose exit 1
24 verbose code 1
